0.001250 2.991658
0.040000 2.991658
0.040000 1.342384
0.251250 1.342384
0.251250 -12.316535
0.253750 -12.316535
0.253750 -0.268272
0.321250 -0.268272
0.321250 2.850775
0.361250 2.850775
0.361250 -0.990629
0.797500 -0.990629
0.797500 -3.092126
1.562500 -3.092126
1.562500 -6.937454
1.603750 -6.937454
1.603750 -4.890886
1.848750 -4.890886
1.848750 -7.994612
1.893750 -7.994612
1.893750 -3.341518
1.957500 -3.341518
1.957500 -6.845843
2.365000 -6.845843
2.365000 -8.364771
2.536250 -8.364771
2.536250 -9.556630
2.655000 -9.556630
2.655000 -11.547155
2.688750 -11.547155
2.688750 -8.601645
2.867500 -8.601645
2.867500 -10.839797
3.500000 -10.839797
3.500000 -20.457037
3.503750 -20.457037
3.503750 -12.192738
3.513750 -12.192738
3.513750 -8.085035
3.531250 -8.085035
3.531250 -13.246058
4.080000 -13.246058
4.080000 -15.870841
4.107500 -15.870841
4.107500 -12.513389
4.451250 -12.513389
4.451250 -15.069151
6.348750 -15.069151
6.348750 -16.742118
6.848750 -16.742118
6.848750 -21.450655
6.858750 -21.450655
6.858750 -17.409871
7.223750 -17.409871
7.223750 -15.220203
7.258750 -15.220203
7.258750 -18.910614
8.071250 -18.910614
8.071250 -20.936612
9.448750 -20.936612
9.448750 -22.997782
10.760000 -22.997782
10.760000 -25.154731
11.427500 -25.154731
11.427500 -22.856811
11.446250 -22.856811
11.446250 -27.040333
11.751250 -27.040333
11.751250 -28.790962
12.371250 -28.790962
12.371250 -30.837325
12.842500 -30.837325
12.842500 -31.428483
12.963750 -31.428483
12.963750 -32.952451
13.648750 -32.952451
13.648750 -34.519035
13.745000 -34.519035
13.745000 -35.146859
13.975000 -35.146859
13.975000 -36.929165
14.373750 -36.929165
14.373750 -39.002211
15.046250 -39.002211
15.046250 -40.792886
15.448750 -40.792886
15.448750 -42.852665
15.851250 -42.852665
15.851250 -45.160830
16.405000 -45.160830
16.405000 -47.139622
17.032500 -47.139622
17.032500 -49.072041
17.717500 -49.072041
17.717500 -50.966092
18.750000 -50.966092
